2022-05-17 22:39:19,707 INFO 42500 [egg-schedule]: register schedule /Users/litian/blog/services/node_modules/egg-multipart/app/schedule/clean_tmpdir.js
2022-05-17 22:39:19,707 INFO 42500 [egg-schedule]: register schedule /Users/litian/blog/services/node_modules/egg-logrotator/app/schedule/clean_log.js
2022-05-17 22:39:19,707 INFO 42500 [egg-schedule]: register schedule /Users/litian/blog/services/node_modules/egg-logrotator/app/schedule/rotate_by_file.js
2022-05-17 22:40:06,795 INFO 42613 [egg-schedule]: register schedule /Users/litian/blog/services/node_modules/egg-multipart/app/schedule/clean_tmpdir.js
2022-05-17 22:40:06,795 INFO 42613 [egg-schedule]: register schedule /Users/litian/blog/services/node_modules/egg-logrotator/app/schedule/clean_log.js
2022-05-17 22:40:06,795 INFO 42613 [egg-schedule]: register schedule /Users/litian/blog/services/node_modules/egg-logrotator/app/schedule/rotate_by_file.js
2022-05-17 22:41:38,700 INFO 43105 [Timer] /Users/litian/blog/services/node_modules/egg-multipart/app/schedule/clean_tmpdir.js next time will execute after 20901301ms at 2022-05-18 04:30:00.001
2022-05-17 22:41:38,700 INFO 43105 [Timer] /Users/litian/blog/services/node_modules/egg-logrotator/app/schedule/clean_log.js next time will execute after 4701300ms at 2022-05-18 00:00:00.000
2022-05-17 22:41:38,700 INFO 43105 [Timer] /Users/litian/blog/services/node_modules/egg-logrotator/app/schedule/rotate_by_file.js next time will execute after 4702300ms at 2022-05-18 00:00:01.000
2022-05-17 22:41:38,644 INFO 43106 [egg-schedule]: register schedule /Users/litian/blog/services/node_modules/egg-multipart/app/schedule/clean_tmpdir.js
2022-05-17 22:41:38,644 INFO 43106 [egg-schedule]: register schedule /Users/litian/blog/services/node_modules/egg-logrotator/app/schedule/clean_log.js
2022-05-17 22:41:38,644 INFO 43106 [egg-schedule]: register schedule /Users/litian/blog/services/node_modules/egg-logrotator/app/schedule/rotate_by_file.js
2022-05-17 23:07:55,716 INFO 43923 [egg-schedule]: register schedule /Users/litian/blog/services/node_modules/egg-multipart/app/schedule/clean_tmpdir.js
2022-05-17 23:07:55,716 INFO 43923 [egg-schedule]: register schedule /Users/litian/blog/services/node_modules/egg-logrotator/app/schedule/clean_log.js
2022-05-17 23:07:55,717 INFO 43923 [egg-schedule]: register schedule /Users/litian/blog/services/node_modules/egg-logrotator/app/schedule/rotate_by_file.js
2022-05-17 23:10:36,788 INFO 44018 [egg-schedule]: register schedule /Users/litian/blog/services/node_modules/egg-multipart/app/schedule/clean_tmpdir.js
2022-05-17 23:10:36,788 INFO 44018 [egg-schedule]: register schedule /Users/litian/blog/services/node_modules/egg-logrotator/app/schedule/clean_log.js
2022-05-17 23:10:36,788 INFO 44018 [egg-schedule]: register schedule /Users/litian/blog/services/node_modules/egg-logrotator/app/schedule/rotate_by_file.js
2022-05-21 11:38:07,430 INFO 10623 [egg-schedule]: register schedule /Users/litian/blog/services/node_modules/egg-multipart/app/schedule/clean_tmpdir.js
2022-05-21 11:38:07,430 INFO 10623 [egg-schedule]: register schedule /Users/litian/blog/services/node_modules/egg-logrotator/app/schedule/clean_log.js
2022-05-21 11:38:07,430 INFO 10623 [egg-schedule]: register schedule /Users/litian/blog/services/node_modules/egg-logrotator/app/schedule/rotate_by_file.js
2022-05-21 11:38:37,228 INFO 10691 [egg-schedule]: register schedule /Users/litian/blog/services/node_modules/egg-multipart/app/schedule/clean_tmpdir.js
2022-05-21 11:38:37,228 INFO 10691 [egg-schedule]: register schedule /Users/litian/blog/services/node_modules/egg-logrotator/app/schedule/clean_log.js
2022-05-21 11:38:37,228 INFO 10691 [egg-schedule]: register schedule /Users/litian/blog/services/node_modules/egg-logrotator/app/schedule/rotate_by_file.js
2022-05-21 11:39:10,678 INFO 10845 [egg-schedule]: register schedule /Users/litian/blog/services/node_modules/egg-multipart/app/schedule/clean_tmpdir.js
2022-05-21 11:39:10,678 INFO 10845 [egg-schedule]: register schedule /Users/litian/blog/services/node_modules/egg-logrotator/app/schedule/clean_log.js
2022-05-21 11:39:10,679 INFO 10845 [egg-schedule]: register schedule /Users/litian/blog/services/node_modules/egg-logrotator/app/schedule/rotate_by_file.js
2022-05-21 11:39:59,740 INFO 11172 [Timer] /Users/litian/blog/services/node_modules/egg-multipart/app/schedule/clean_tmpdir.js next time will execute after 60600261ms at 2022-05-22 04:30:00.001
2022-05-21 11:39:59,741 INFO 11172 [Timer] /Users/litian/blog/services/node_modules/egg-logrotator/app/schedule/clean_log.js next time will execute after 44400260ms at 2022-05-22 00:00:00.001
2022-05-21 11:39:59,741 INFO 11172 [Timer] /Users/litian/blog/services/node_modules/egg-logrotator/app/schedule/rotate_by_file.js next time will execute after 44401259ms at 2022-05-22 00:00:01.000
2022-05-21 11:39:59,682 INFO 11173 [egg-schedule]: register schedule /Users/litian/blog/services/node_modules/egg-multipart/app/schedule/clean_tmpdir.js
2022-05-21 11:39:59,682 INFO 11173 [egg-schedule]: register schedule /Users/litian/blog/services/node_modules/egg-logrotator/app/schedule/clean_log.js
2022-05-21 11:39:59,682 INFO 11173 [egg-schedule]: register schedule /Users/litian/blog/services/node_modules/egg-logrotator/app/schedule/rotate_by_file.js
2022-05-21 11:40:33,741 INFO 11200 [egg-schedule]: register schedule /Users/litian/blog/services/node_modules/egg-multipart/app/schedule/clean_tmpdir.js
2022-05-21 11:40:33,741 INFO 11200 [egg-schedule]: register schedule /Users/litian/blog/services/node_modules/egg-logrotator/app/schedule/clean_log.js
2022-05-21 11:40:33,742 INFO 11200 [egg-schedule]: register schedule /Users/litian/blog/services/node_modules/egg-logrotator/app/schedule/rotate_by_file.js
2022-05-21 16:25:50,045 INFO 15144 [Timer] /Users/litian/blog/services/node_modules/egg-multipart/app/schedule/clean_tmpdir.js next time will execute after 43449957ms at 2022-05-22 04:30:00.002
2022-05-21 16:25:50,045 INFO 15144 [Timer] /Users/litian/blog/services/node_modules/egg-logrotator/app/schedule/clean_log.js next time will execute after 27249955ms at 2022-05-22 00:00:00.000
2022-05-21 16:25:50,045 INFO 15144 [Timer] /Users/litian/blog/services/node_modules/egg-logrotator/app/schedule/rotate_by_file.js next time will execute after 27250955ms at 2022-05-22 00:00:01.000
2022-05-21 16:25:49,970 INFO 15146 [egg-schedule]: register schedule /Users/litian/blog/services/node_modules/egg-multipart/app/schedule/clean_tmpdir.js
2022-05-21 16:25:49,970 INFO 15146 [egg-schedule]: register schedule /Users/litian/blog/services/node_modules/egg-logrotator/app/schedule/clean_log.js
2022-05-21 16:25:49,970 INFO 15146 [egg-schedule]: register schedule /Users/litian/blog/services/node_modules/egg-logrotator/app/schedule/rotate_by_file.js
2022-05-21 16:26:04,051 INFO 15181 [Timer] /Users/litian/blog/services/node_modules/egg-multipart/app/schedule/clean_tmpdir.js next time will execute after 43435951ms at 2022-05-22 04:30:00.002
2022-05-21 16:26:04,051 INFO 15181 [Timer] /Users/litian/blog/services/node_modules/egg-logrotator/app/schedule/clean_log.js next time will execute after 27235949ms at 2022-05-22 00:00:00.000
2022-05-21 16:26:04,051 INFO 15181 [Timer] /Users/litian/blog/services/node_modules/egg-logrotator/app/schedule/rotate_by_file.js next time will execute after 27236949ms at 2022-05-22 00:00:01.000
2022-05-21 16:26:03,998 INFO 15182 [egg-schedule]: register schedule /Users/litian/blog/services/node_modules/egg-multipart/app/schedule/clean_tmpdir.js
2022-05-21 16:26:03,998 INFO 15182 [egg-schedule]: register schedule /Users/litian/blog/services/node_modules/egg-logrotator/app/schedule/clean_log.js
2022-05-21 16:26:03,998 INFO 15182 [egg-schedule]: register schedule /Users/litian/blog/services/node_modules/egg-logrotator/app/schedule/rotate_by_file.js
2022-05-21 16:27:27,121 INFO 15207 [egg-schedule]: register schedule /Users/litian/blog/services/node_modules/egg-multipart/app/schedule/clean_tmpdir.js
2022-05-21 16:27:27,121 INFO 15207 [egg-schedule]: register schedule /Users/litian/blog/services/node_modules/egg-logrotator/app/schedule/clean_log.js
2022-05-21 16:27:27,122 INFO 15207 [egg-schedule]: register schedule /Users/litian/blog/services/node_modules/egg-logrotator/app/schedule/rotate_by_file.js
2022-05-21 16:27:28,910 INFO 15218 [egg-schedule]: register schedule /Users/litian/blog/services/node_modules/egg-multipart/app/schedule/clean_tmpdir.js
2022-05-21 16:27:28,910 INFO 15218 [egg-schedule]: register schedule /Users/litian/blog/services/node_modules/egg-logrotator/app/schedule/clean_log.js
2022-05-21 16:27:28,910 INFO 15218 [egg-schedule]: register schedule /Users/litian/blog/services/node_modules/egg-logrotator/app/schedule/rotate_by_file.js
2022-05-21 16:28:14,915 INFO 15236 [egg-schedule]: register schedule /Users/litian/blog/services/node_modules/egg-multipart/app/schedule/clean_tmpdir.js
2022-05-21 16:28:14,915 INFO 15236 [egg-schedule]: register schedule /Users/litian/blog/services/node_modules/egg-logrotator/app/schedule/clean_log.js
2022-05-21 16:28:14,915 INFO 15236 [egg-schedule]: register schedule /Users/litian/blog/services/node_modules/egg-logrotator/app/schedule/rotate_by_file.js
2022-05-21 16:30:04,135 INFO 15287 [egg-schedule]: register schedule /Users/litian/blog/services/node_modules/egg-multipart/app/schedule/clean_tmpdir.js
2022-05-21 16:30:04,135 INFO 15287 [egg-schedule]: register schedule /Users/litian/blog/services/node_modules/egg-logrotator/app/schedule/clean_log.js
2022-05-21 16:30:04,135 INFO 15287 [egg-schedule]: register schedule /Users/litian/blog/services/node_modules/egg-logrotator/app/schedule/rotate_by_file.js
2022-05-21 16:30:36,203 INFO 15308 [egg-schedule]: register schedule /Users/litian/blog/services/node_modules/egg-multipart/app/schedule/clean_tmpdir.js
2022-05-21 16:30:36,203 INFO 15308 [egg-schedule]: register schedule /Users/litian/blog/services/node_modules/egg-logrotator/app/schedule/clean_log.js
2022-05-21 16:30:36,203 INFO 15308 [egg-schedule]: register schedule /Users/litian/blog/services/node_modules/egg-logrotator/app/schedule/rotate_by_file.js
2022-05-21 16:31:00,778 INFO 15318 [egg-schedule]: register schedule /Users/litian/blog/services/node_modules/egg-multipart/app/schedule/clean_tmpdir.js
2022-05-21 16:31:00,778 INFO 15318 [egg-schedule]: register schedule /Users/litian/blog/services/node_modules/egg-logrotator/app/schedule/clean_log.js
2022-05-21 16:31:00,778 INFO 15318 [egg-schedule]: register schedule /Users/litian/blog/services/node_modules/egg-logrotator/app/schedule/rotate_by_file.js
2022-05-21 16:31:26,032 INFO 15326 [egg-schedule]: register schedule /Users/litian/blog/services/node_modules/egg-multipart/app/schedule/clean_tmpdir.js
2022-05-21 16:31:26,032 INFO 15326 [egg-schedule]: register schedule /Users/litian/blog/services/node_modules/egg-logrotator/app/schedule/clean_log.js
2022-05-21 16:31:26,032 INFO 15326 [egg-schedule]: register schedule /Users/litian/blog/services/node_modules/egg-logrotator/app/schedule/rotate_by_file.js
2022-05-21 16:31:33,129 INFO 15329 [egg-schedule]: register schedule /Users/litian/blog/services/node_modules/egg-multipart/app/schedule/clean_tmpdir.js
2022-05-21 16:31:33,129 INFO 15329 [egg-schedule]: register schedule /Users/litian/blog/services/node_modules/egg-logrotator/app/schedule/clean_log.js
2022-05-21 16:31:33,129 INFO 15329 [egg-schedule]: register schedule /Users/litian/blog/services/node_modules/egg-logrotator/app/schedule/rotate_by_file.js
2022-05-21 16:31:55,466 INFO 15374 [egg-schedule]: register schedule /Users/litian/blog/services/node_modules/egg-multipart/app/schedule/clean_tmpdir.js
2022-05-21 16:31:55,466 INFO 15374 [egg-schedule]: register schedule /Users/litian/blog/services/node_modules/egg-logrotator/app/schedule/clean_log.js
2022-05-21 16:31:55,466 INFO 15374 [egg-schedule]: register schedule /Users/litian/blog/services/node_modules/egg-logrotator/app/schedule/rotate_by_file.js
2022-05-21 16:33:57,625 INFO 15479 [egg-schedule]: register schedule /Users/litian/blog/services/node_modules/egg-multipart/app/schedule/clean_tmpdir.js
2022-05-21 16:33:57,625 INFO 15479 [egg-schedule]: register schedule /Users/litian/blog/services/node_modules/egg-logrotator/app/schedule/clean_log.js
2022-05-21 16:33:57,625 INFO 15479 [egg-schedule]: register schedule /Users/litian/blog/services/node_modules/egg-logrotator/app/schedule/rotate_by_file.js
2022-05-21 16:34:26,852 INFO 15723 [egg-schedule]: register schedule /Users/litian/blog/services/node_modules/egg-multipart/app/schedule/clean_tmpdir.js
2022-05-21 16:34:26,852 INFO 15723 [egg-schedule]: register schedule /Users/litian/blog/services/node_modules/egg-logrotator/app/schedule/clean_log.js
2022-05-21 16:34:26,852 INFO 15723 [egg-schedule]: register schedule /Users/litian/blog/services/node_modules/egg-logrotator/app/schedule/rotate_by_file.js
2022-05-21 16:34:30,667 INFO 15747 [egg-schedule]: register schedule /Users/litian/blog/services/node_modules/egg-multipart/app/schedule/clean_tmpdir.js
2022-05-21 16:34:30,667 INFO 15747 [egg-schedule]: register schedule /Users/litian/blog/services/node_modules/egg-logrotator/app/schedule/clean_log.js
2022-05-21 16:34:30,667 INFO 15747 [egg-schedule]: register schedule /Users/litian/blog/services/node_modules/egg-logrotator/app/schedule/rotate_by_file.js
2022-05-21 16:36:03,635 INFO 15942 [egg-schedule]: register schedule /Users/litian/blog/services/node_modules/egg-multipart/app/schedule/clean_tmpdir.js
2022-05-21 16:36:03,636 INFO 15942 [egg-schedule]: register schedule /Users/litian/blog/services/node_modules/egg-logrotator/app/schedule/clean_log.js
2022-05-21 16:36:03,636 INFO 15942 [egg-schedule]: register schedule /Users/litian/blog/services/node_modules/egg-logrotator/app/schedule/rotate_by_file.js
2022-05-21 16:36:15,271 INFO 15979 [egg-schedule]: register schedule /Users/litian/blog/services/node_modules/egg-multipart/app/schedule/clean_tmpdir.js
2022-05-21 16:36:15,271 INFO 15979 [egg-schedule]: register schedule /Users/litian/blog/services/node_modules/egg-logrotator/app/schedule/clean_log.js
2022-05-21 16:36:15,271 INFO 15979 [egg-schedule]: register schedule /Users/litian/blog/services/node_modules/egg-logrotator/app/schedule/rotate_by_file.js
2022-05-21 16:38:33,296 INFO 16772 [egg-schedule]: register schedule /Users/litian/blog/services/node_modules/egg-multipart/app/schedule/clean_tmpdir.js
2022-05-21 16:38:33,296 INFO 16772 [egg-schedule]: register schedule /Users/litian/blog/services/node_modules/egg-logrotator/app/schedule/clean_log.js
2022-05-21 16:38:33,297 INFO 16772 [egg-schedule]: register schedule /Users/litian/blog/services/node_modules/egg-logrotator/app/schedule/rotate_by_file.js
2022-05-21 16:43:57,642 INFO 17361 [egg-schedule]: register schedule /Users/litian/blog/services/node_modules/egg-multipart/app/schedule/clean_tmpdir.js
2022-05-21 16:43:57,642 INFO 17361 [egg-schedule]: register schedule /Users/litian/blog/services/node_modules/egg-logrotator/app/schedule/clean_log.js
2022-05-21 16:43:57,642 INFO 17361 [egg-schedule]: register schedule /Users/litian/blog/services/node_modules/egg-logrotator/app/schedule/rotate_by_file.js
2022-05-21 16:46:37,297 INFO 17450 [egg-schedule]: register schedule /Users/litian/blog/services/node_modules/egg-multipart/app/schedule/clean_tmpdir.js
2022-05-21 16:46:37,297 INFO 17450 [egg-schedule]: register schedule /Users/litian/blog/services/node_modules/egg-logrotator/app/schedule/clean_log.js
2022-05-21 16:46:37,297 INFO 17450 [egg-schedule]: register schedule /Users/litian/blog/services/node_modules/egg-logrotator/app/schedule/rotate_by_file.js
2022-05-21 16:47:09,528 INFO 17495 [egg-schedule]: register schedule /Users/litian/blog/services/node_modules/egg-multipart/app/schedule/clean_tmpdir.js
2022-05-21 16:47:09,528 INFO 17495 [egg-schedule]: register schedule /Users/litian/blog/services/node_modules/egg-logrotator/app/schedule/clean_log.js
2022-05-21 16:47:09,528 INFO 17495 [egg-schedule]: register schedule /Users/litian/blog/services/node_modules/egg-logrotator/app/schedule/rotate_by_file.js
2022-05-21 16:48:13,528 INFO 17546 [egg-schedule]: register schedule /Users/litian/blog/services/node_modules/egg-multipart/app/schedule/clean_tmpdir.js
2022-05-21 16:48:13,528 INFO 17546 [egg-schedule]: register schedule /Users/litian/blog/services/node_modules/egg-logrotator/app/schedule/clean_log.js
2022-05-21 16:48:13,528 INFO 17546 [egg-schedule]: register schedule /Users/litian/blog/services/node_modules/egg-logrotator/app/schedule/rotate_by_file.js
2022-05-21 16:50:00,364 INFO 17620 [egg-schedule]: register schedule /Users/litian/blog/services/node_modules/egg-multipart/app/schedule/clean_tmpdir.js
2022-05-21 16:50:00,365 INFO 17620 [egg-schedule]: register schedule /Users/litian/blog/services/node_modules/egg-logrotator/app/schedule/clean_log.js
2022-05-21 16:50:00,365 INFO 17620 [egg-schedule]: register schedule /Users/litian/blog/services/node_modules/egg-logrotator/app/schedule/rotate_by_file.js
2022-05-21 16:51:13,510 INFO 17979 [egg-schedule]: register schedule /Users/litian/blog/services/node_modules/egg-multipart/app/schedule/clean_tmpdir.js
2022-05-21 16:51:13,510 INFO 17979 [egg-schedule]: register schedule /Users/litian/blog/services/node_modules/egg-logrotator/app/schedule/clean_log.js
2022-05-21 16:51:13,510 INFO 17979 [egg-schedule]: register schedule /Users/litian/blog/services/node_modules/egg-logrotator/app/schedule/rotate_by_file.js
2022-05-21 16:52:11,604 INFO 18240 [egg-schedule]: register schedule /Users/litian/blog/services/node_modules/egg-multipart/app/schedule/clean_tmpdir.js
2022-05-21 16:52:11,604 INFO 18240 [egg-schedule]: register schedule /Users/litian/blog/services/node_modules/egg-logrotator/app/schedule/clean_log.js
2022-05-21 16:52:11,604 INFO 18240 [egg-schedule]: register schedule /Users/litian/blog/services/node_modules/egg-logrotator/app/schedule/rotate_by_file.js
2022-05-21 17:10:18,659 INFO 21023 [egg-schedule]: register schedule /Users/litian/blog/backend/node_modules/egg-multipart/app/schedule/clean_tmpdir.js
2022-05-21 17:10:18,659 INFO 21023 [egg-schedule]: register schedule /Users/litian/blog/backend/node_modules/egg-logrotator/app/schedule/clean_log.js
2022-05-21 17:10:18,659 INFO 21023 [egg-schedule]: register schedule /Users/litian/blog/backend/node_modules/egg-logrotator/app/schedule/rotate_by_file.js
2022-05-21 17:13:41,751 INFO 21252 [egg-schedule]: register schedule /Users/litian/blog/backend/node_modules/egg-multipart/app/schedule/clean_tmpdir.js
2022-05-21 17:13:41,751 INFO 21252 [egg-schedule]: register schedule /Users/litian/blog/backend/node_modules/egg-logrotator/app/schedule/clean_log.js
2022-05-21 17:13:41,751 INFO 21252 [egg-schedule]: register schedule /Users/litian/blog/backend/node_modules/egg-logrotator/app/schedule/rotate_by_file.js
2022-05-21 17:17:21,892 INFO 21522 [egg-schedule]: register schedule /Users/litian/blog/backend/node_modules/egg-multipart/app/schedule/clean_tmpdir.js
2022-05-21 17:17:21,892 INFO 21522 [egg-schedule]: register schedule /Users/litian/blog/backend/node_modules/egg-logrotator/app/schedule/clean_log.js
2022-05-21 17:17:21,892 INFO 21522 [egg-schedule]: register schedule /Users/litian/blog/backend/node_modules/egg-logrotator/app/schedule/rotate_by_file.js
2022-05-21 17:17:57,716 INFO 21797 [egg-schedule]: register schedule /Users/litian/blog/backend/node_modules/egg-multipart/app/schedule/clean_tmpdir.js
2022-05-21 17:17:57,716 INFO 21797 [egg-schedule]: register schedule /Users/litian/blog/backend/node_modules/egg-logrotator/app/schedule/clean_log.js
2022-05-21 17:17:57,716 INFO 21797 [egg-schedule]: register schedule /Users/litian/blog/backend/node_modules/egg-logrotator/app/schedule/rotate_by_file.js
2022-05-21 17:18:21,598 INFO 22026 [egg-schedule]: register schedule /Users/litian/blog/backend/node_modules/egg-multipart/app/schedule/clean_tmpdir.js
2022-05-21 17:18:21,598 INFO 22026 [egg-schedule]: register schedule /Users/litian/blog/backend/node_modules/egg-logrotator/app/schedule/clean_log.js
2022-05-21 17:18:21,598 INFO 22026 [egg-schedule]: register schedule /Users/litian/blog/backend/node_modules/egg-logrotator/app/schedule/rotate_by_file.js
2022-05-21 17:21:49,095 INFO 22314 [egg-schedule]: register schedule /Users/litian/blog/backend/node_modules/egg-multipart/app/schedule/clean_tmpdir.js
2022-05-21 17:21:49,095 INFO 22314 [egg-schedule]: register schedule /Users/litian/blog/backend/node_modules/egg-logrotator/app/schedule/clean_log.js
2022-05-21 17:21:49,095 INFO 22314 [egg-schedule]: register schedule /Users/litian/blog/backend/node_modules/egg-logrotator/app/schedule/rotate_by_file.js
2022-05-21 17:24:15,315 INFO 22451 [egg-schedule]: register schedule /Users/litian/blog/backend/node_modules/egg-multipart/app/schedule/clean_tmpdir.js
2022-05-21 17:24:15,315 INFO 22451 [egg-schedule]: register schedule /Users/litian/blog/backend/node_modules/egg-logrotator/app/schedule/clean_log.js
2022-05-21 17:24:15,315 INFO 22451 [egg-schedule]: register schedule /Users/litian/blog/backend/node_modules/egg-logrotator/app/schedule/rotate_by_file.js
2022-05-21 17:28:45,037 INFO 22942 [egg-schedule]: register schedule /Users/litian/blog/backend/node_modules/egg-multipart/app/schedule/clean_tmpdir.js
2022-05-21 17:28:45,037 INFO 22942 [egg-schedule]: register schedule /Users/litian/blog/backend/node_modules/egg-logrotator/app/schedule/clean_log.js
2022-05-21 17:28:45,037 INFO 22942 [egg-schedule]: register schedule /Users/litian/blog/backend/node_modules/egg-logrotator/app/schedule/rotate_by_file.js
2022-05-21 17:30:00,905 INFO 23516 [egg-schedule]: register schedule /Users/litian/blog/backend/node_modules/egg-multipart/app/schedule/clean_tmpdir.js
2022-05-21 17:30:00,905 INFO 23516 [egg-schedule]: register schedule /Users/litian/blog/backend/node_modules/egg-logrotator/app/schedule/clean_log.js
2022-05-21 17:30:00,905 INFO 23516 [egg-schedule]: register schedule /Users/litian/blog/backend/node_modules/egg-logrotator/app/schedule/rotate_by_file.js
2022-05-21 17:38:08,858 INFO 25470 [egg-schedule]: register schedule /Users/litian/blog/backend/node_modules/egg-multipart/app/schedule/clean_tmpdir.js
2022-05-21 17:38:08,858 INFO 25470 [egg-schedule]: register schedule /Users/litian/blog/backend/node_modules/egg-logrotator/app/schedule/clean_log.js
2022-05-21 17:38:08,858 INFO 25470 [egg-schedule]: register schedule /Users/litian/blog/backend/node_modules/egg-logrotator/app/schedule/rotate_by_file.js
2022-05-21 21:22:23,121 INFO 21053 [Timer] /Users/litian/blog/backend/node_modules/egg-multipart/app/schedule/clean_tmpdir.js next time will execute after 25656880ms at 2022-05-22 04:30:00.001
2022-05-21 21:22:23,122 INFO 21053 [Timer] /Users/litian/blog/backend/node_modules/egg-logrotator/app/schedule/clean_log.js next time will execute after 9456879ms at 2022-05-22 00:00:00.001
2022-05-21 21:22:23,122 INFO 21053 [Timer] /Users/litian/blog/backend/node_modules/egg-logrotator/app/schedule/rotate_by_file.js next time will execute after 9457878ms at 2022-05-22 00:00:01.000
2022-05-21 21:22:23,021 INFO 21054 [egg-schedule]: register schedule /Users/litian/blog/backend/node_modules/egg-multipart/app/schedule/clean_tmpdir.js
2022-05-21 21:22:23,021 INFO 21054 [egg-schedule]: register schedule /Users/litian/blog/backend/node_modules/egg-logrotator/app/schedule/clean_log.js
2022-05-21 21:22:23,021 INFO 21054 [egg-schedule]: register schedule /Users/litian/blog/backend/node_modules/egg-logrotator/app/schedule/rotate_by_file.js
